<?xml version="1.0" encoding="UTF-8"?>
<testng-results ignored="0" total="1" passed="1" failed="0" skipped="0">
  <reporter-output>
  </reporter-output>
  <suite started-at="2021-06-17T15:58:15Z" name="Default suite" finished-at="2021-06-17T15:58:26Z" duration-ms="11173">
    <groups>
    </groups>
    <test started-at="2021-06-17T15:58:15Z" name="Default test" finished-at="2021-06-17T15:58:26Z" duration-ms="11173">
      <class name="testCase1.SampleTest">
        <test-method is-config="true" signature="SetUp()[pri:0, instance:testCase1.SampleTest@6a57ae10]" started-at="2021-06-17T15:58:15Z" name="SetUp" finished-at="2021-06-17T15:58:21Z" duration-ms="6339" status="PASS">
          <reporter-output>
          </reporter-output>
        </test-method> <!-- SetUp -->
        <test-method signature="testingInvestments()[pri:0, instance:testCase1.SampleTest@6a57ae10]" started-at="2021-06-17T15:58:21Z" name="testingInvestments" description="verify on the dash that investment is dispalyed" finished-at="2021-06-17T15:58:25Z" duration-ms="4014" status="PASS">
          <reporter-output>
          </reporter-output>
        </test-method> <!-- testingInvestments -->
        <test-method is-config="true" signature="teardown()[pri:0, instance:testCase1.SampleTest@6a57ae10]" started-at="2021-06-17T15:58:25Z" name="teardown" finished-at="2021-06-17T15:58:26Z" duration-ms="790" status="PASS">
          <reporter-output>
          </reporter-output>
        </test-method> <!-- teardown -->
      </class> <!-- testCase1.SampleTest -->
    </test> <!-- Default test -->
  </suite> <!-- Default suite -->
</testng-results>
